2022-05-16 12:59:53.061 [restartedMain] [INFO ] com.tools.json2obj.ToolsJson2objApplication : Starting ToolsJson2objApplication using Java 1.8.0_151 on PC-20180711QXFQ with PID 9084 (D:\gitee\tools-json2obj\target\classes started by Administrator in D:\gitee\tools-json2obj)
2022-05-16 12:59:53.067 [restartedMain] [INFO ] com.tools.json2obj.ToolsJson2objApplication : The following 4 profiles are active: "h2", "jpa", "hikari", "user"
2022-05-16 12:59:55.017 [restartedMain] [INFO ] org.apache.catalina.core.StandardService : Starting service [Tomcat]
2022-05-16 12:59:55.018 [restartedMain] [INFO ] org.apache.catalina.core.StandardEngine : Starting Servlet engine: [Apache Tomcat/9.0.58]
2022-05-16 12:59:55.217 [restartedMain] [INFO ] o.a.c.c.C.[Tomcat].[localhost].[/proxy] : Initializing Spring embedded WebApplicationContext
2022-05-16 12:59:55.477 [restartedMain] [INFO ] org.hibernate.jpa.internal.util.LogHelper : HHH000204: Processing PersistenceUnitInfo [name: default]
2022-05-16 12:59:55.548 [restartedMain] [INFO ] org.hibernate.Version : HHH000412: Hibernate ORM core version 5.6.5.Final
2022-05-16 12:59:55.785 [restartedMain] [INFO ] org.hibernate.annotations.common.Version : HCANN000001: Hibernate Commons Annotations {5.1.2.Final}
2022-05-16 12:59:55.941 [restartedMain] [INFO ] com.zaxxer.hikari.HikariDataSource : DatebookHikariCP - Starting...
2022-05-16 12:59:56.084 [restartedMain] [INFO ] com.zaxxer.hikari.HikariDataSource : DatebookHikariCP - Start completed.
2022-05-16 12:59:56.124 [restartedMain] [INFO ] org.hibernate.dialect.Dialect : HHH000400: Using dialect: org.hibernate.dialect.H2Dialect
2022-05-16 12:59:56.442 [restartedMain] [INFO ] com.zaxxer.hikari.HikariDataSource : DatebookHikariCP - Shutdown initiated...
2022-05-16 12:59:56.466 [restartedMain] [INFO ] com.zaxxer.hikari.HikariDataSource : DatebookHikariCP - Shutdown completed.
2022-05-16 12:59:56.469 [restartedMain] [INFO ] org.apache.catalina.core.StandardService : Stopping service [Tomcat]
2022-05-16 13:00:33.493 [restartedMain] [INFO ] com.tools.json2obj.ToolsJson2objApplication : Starting ToolsJson2objApplication using Java 1.8.0_151 on PC-20180711QXFQ with PID 8064 (D:\gitee\tools-json2obj\target\classes started by Administrator in D:\gitee\tools-json2obj)
2022-05-16 13:00:33.494 [restartedMain] [INFO ] com.tools.json2obj.ToolsJson2objApplication : The following 4 profiles are active: "h2", "jpa", "hikari", "user"
2022-05-16 13:00:35.322 [restartedMain] [INFO ] org.apache.catalina.core.StandardService : Starting service [Tomcat]
2022-05-16 13:00:35.323 [restartedMain] [INFO ] org.apache.catalina.core.StandardEngine : Starting Servlet engine: [Apache Tomcat/9.0.58]
2022-05-16 13:00:35.489 [restartedMain] [INFO ] o.a.c.c.C.[Tomcat].[localhost].[/proxy] : Initializing Spring embedded WebApplicationContext
2022-05-16 13:00:35.732 [restartedMain] [INFO ] org.hibernate.jpa.internal.util.LogHelper : HHH000204: Processing PersistenceUnitInfo [name: default]
2022-05-16 13:00:35.810 [restartedMain] [INFO ] org.hibernate.Version : HHH000412: Hibernate ORM core version 5.6.5.Final
2022-05-16 13:00:36.033 [restartedMain] [INFO ] org.hibernate.annotations.common.Version : HCANN000001: Hibernate Commons Annotations {5.1.2.Final}
2022-05-16 13:00:36.195 [restartedMain] [INFO ] com.zaxxer.hikari.HikariDataSource : DatebookHikariCP - Starting...
2022-05-16 13:00:36.289 [restartedMain] [INFO ] com.zaxxer.hikari.HikariDataSource : DatebookHikariCP - Start completed.
2022-05-16 13:00:36.319 [restartedMain] [INFO ] org.hibernate.dialect.Dialect : HHH000400: Using dialect: org.hibernate.dialect.H2Dialect
2022-05-16 13:00:36.577 [restartedMain] [INFO ] com.zaxxer.hikari.HikariDataSource : DatebookHikariCP - Shutdown initiated...
2022-05-16 13:00:36.585 [restartedMain] [INFO ] com.zaxxer.hikari.HikariDataSource : DatebookHikariCP - Shutdown completed.
2022-05-16 13:00:36.588 [restartedMain] [INFO ] org.apache.catalina.core.StandardService : Stopping service [Tomcat]
2022-05-16 13:04:41.909 [restartedMain] [INFO ] com.tools.json2obj.ToolsJson2objApplication : Starting ToolsJson2objApplication using Java 1.8.0_151 on PC-20180711QXFQ with PID 3916 (D:\gitee\tools-json2obj\target\classes started by Administrator in D:\gitee\tools-json2obj)
2022-05-16 13:04:41.911 [restartedMain] [INFO ] com.tools.json2obj.ToolsJson2objApplication : The following 4 profiles are active: "h2", "jpa", "hikari", "user"
2022-05-16 13:04:43.587 [restartedMain] [INFO ] org.apache.catalina.core.StandardService : Starting service [Tomcat]
2022-05-16 13:04:43.588 [restartedMain] [INFO ] org.apache.catalina.core.StandardEngine : Starting Servlet engine: [Apache Tomcat/9.0.58]
2022-05-16 13:04:43.776 [restartedMain] [INFO ] o.a.c.c.C.[Tomcat].[localhost].[/proxy] : Initializing Spring embedded WebApplicationContext
2022-05-16 13:04:44.022 [restartedMain] [INFO ] org.hibernate.jpa.internal.util.LogHelper : HHH000204: Processing PersistenceUnitInfo [name: default]
2022-05-16 13:04:44.091 [restartedMain] [INFO ] org.hibernate.Version : HHH000412: Hibernate ORM core version 5.6.5.Final
2022-05-16 13:04:44.320 [restartedMain] [INFO ] org.hibernate.annotations.common.Version : HCANN000001: Hibernate Commons Annotations {5.1.2.Final}
2022-05-16 13:04:44.469 [restartedMain] [INFO ] com.zaxxer.hikari.HikariDataSource : DatebookHikariCP - Starting...
2022-05-16 13:04:44.566 [restartedMain] [INFO ] com.zaxxer.hikari.HikariDataSource : DatebookHikariCP - Start completed.
2022-05-16 13:04:44.595 [restartedMain] [INFO ] org.hibernate.dialect.Dialect : HHH000400: Using dialect: org.hibernate.dialect.H2Dialect
2022-05-16 13:04:44.863 [restartedMain] [INFO ] com.zaxxer.hikari.HikariDataSource : DatebookHikariCP - Shutdown initiated...
2022-05-16 13:04:44.868 [restartedMain] [INFO ] com.zaxxer.hikari.HikariDataSource : DatebookHikariCP - Shutdown completed.
2022-05-16 13:04:44.872 [restartedMain] [INFO ] org.apache.catalina.core.StandardService : Stopping service [Tomcat]
2022-05-16 13:05:01.993 [restartedMain] [INFO ] com.tools.json2obj.ToolsJson2objApplication : Starting ToolsJson2objApplication using Java 1.8.0_151 on PC-20180711QXFQ with PID 8348 (D:\gitee\tools-json2obj\target\classes started by Administrator in D:\gitee\tools-json2obj)
2022-05-16 13:05:01.995 [restartedMain] [INFO ] com.tools.json2obj.ToolsJson2objApplication : The following 4 profiles are active: "h2", "jpa", "hikari", "user"
2022-05-16 13:05:03.699 [restartedMain] [INFO ] org.apache.catalina.core.StandardService : Starting service [Tomcat]
2022-05-16 13:05:03.699 [restartedMain] [INFO ] org.apache.catalina.core.StandardEngine : Starting Servlet engine: [Apache Tomcat/9.0.58]
2022-05-16 13:05:03.864 [restartedMain] [INFO ] o.a.c.c.C.[Tomcat].[localhost].[/proxy] : Initializing Spring embedded WebApplicationContext
2022-05-16 13:05:04.098 [restartedMain] [INFO ] org.hibernate.jpa.internal.util.LogHelper : HHH000204: Processing PersistenceUnitInfo [name: default]
2022-05-16 13:05:04.167 [restartedMain] [INFO ] org.hibernate.Version : HHH000412: Hibernate ORM core version 5.6.5.Final
2022-05-16 13:05:04.402 [restartedMain] [INFO ] org.hibernate.annotations.common.Version : HCANN000001: Hibernate Commons Annotations {5.1.2.Final}
2022-05-16 13:05:04.564 [restartedMain] [INFO ] com.zaxxer.hikari.HikariDataSource : DatebookHikariCP - Starting...
2022-05-16 13:05:04.654 [restartedMain] [INFO ] com.zaxxer.hikari.HikariDataSource : DatebookHikariCP - Start completed.
2022-05-16 13:05:04.680 [restartedMain] [INFO ] org.hibernate.dialect.Dialect : HHH000400: Using dialect: org.hibernate.dialect.H2Dialect
2022-05-16 13:05:05.622 [restartedMain] [INFO ] o.h.e.t.jta.platform.internal.JtaPlatformInitiator : HHH000490: Using JtaPlatform implementation: [org.hibernate.engine.transaction.jta.platform.internal.NoJtaPlatform]
2022-05-16 13:05:06.693 [restartedMain] [INFO ] com.tools.json2obj.ToolsJson2objApplication : Started ToolsJson2objApplication in 5.48 seconds (JVM running for 6.58)
2022-05-16 13:05:06.699 [restartedMain] [INFO ] com.tools.json2obj.common.json.TxtFilesReader : 以行为单位读取文件内容，一次读一整行：
2022-05-16 13:05:37.466 [Thread-7] [INFO ] com.zaxxer.hikari.HikariDataSource : DatebookHikariCP - Shutdown initiated...
2022-05-16 13:05:37.476 [Thread-7] [INFO ] com.zaxxer.hikari.HikariDataSource : DatebookHikariCP - Shutdown completed.
2022-05-16 13:05:37.786 [restartedMain] [INFO ] com.tools.json2obj.ToolsJson2objApplication : Starting ToolsJson2objApplication using Java 1.8.0_151 on PC-20180711QXFQ with PID 8348 (D:\gitee\tools-json2obj\target\classes started by Administrator in D:\gitee\tools-json2obj)
2022-05-16 13:05:37.787 [restartedMain] [INFO ] com.tools.json2obj.ToolsJson2objApplication : The following 4 profiles are active: "h2", "jpa", "hikari", "user"
2022-05-16 13:05:38.192 [restartedMain] [INFO ] org.apache.catalina.core.StandardService : Starting service [Tomcat]
2022-05-16 13:05:38.192 [restartedMain] [INFO ] org.apache.catalina.core.StandardEngine : Starting Servlet engine: [Apache Tomcat/9.0.58]
2022-05-16 13:05:38.207 [restartedMain] [INFO ] o.a.c.c.C.[Tomcat].[localhost].[/proxy] : Initializing Spring embedded WebApplicationContext
2022-05-16 13:05:38.257 [restartedMain] [INFO ] org.hibernate.jpa.internal.util.LogHelper : HHH000204: Processing PersistenceUnitInfo [name: default]
2022-05-16 13:05:38.263 [restartedMain] [INFO ] com.zaxxer.hikari.HikariDataSource : DatebookHikariCP - Starting...
2022-05-16 13:05:38.269 [restartedMain] [INFO ] com.zaxxer.hikari.HikariDataSource : DatebookHikariCP - Start completed.
2022-05-16 13:05:38.270 [restartedMain] [INFO ] org.hibernate.dialect.Dialect : HHH000400: Using dialect: org.hibernate.dialect.H2Dialect
2022-05-16 13:05:38.353 [restartedMain] [INFO ] o.h.e.t.jta.platform.internal.JtaPlatformInitiator : HHH000490: Using JtaPlatform implementation: [org.hibernate.engine.transaction.jta.platform.internal.NoJtaPlatform]
2022-05-16 13:05:38.688 [restartedMain] [INFO ] com.tools.json2obj.ToolsJson2objApplication : Started ToolsJson2objApplication in 1.01 seconds (JVM running for 38.575)
2022-05-16 13:05:38.694 [restartedMain] [INFO ] com.tools.json2obj.common.json.TxtFilesReader : 以行为单位读取文件内容，一次读一整行：
2022-05-16 13:06:21.972 [SpringApplicationShutdownHook] [INFO ] com.zaxxer.hikari.HikariDataSource : DatebookHikariCP - Shutdown initiated...
2022-05-16 13:06:21.982 [SpringApplicationShutdownHook] [INFO ] com.zaxxer.hikari.HikariDataSource : DatebookHikariCP - Shutdown completed.
